<?xml version="1.0" encoding="UTF-8"?>
<!-- Generated by org.testng.reporters.JUnitReportReporter -->
<testsuite skipped="0" hostname="IBM763-PC0F1EA8" name="Academy.Project.HomePage" tests="2" failures="0" timestamp="19 Nov 2018 08:30:42 GMT" time="47.012" errors="0">
  <testcase name="basepagenavigation" time="38.366" classname="Academy.Project.HomePage"/>
  <testcase name="basepagenavigation" time="8.646" classname="Academy.Project.HomePage"/>
</testsuite> <!-- Academy.Project.HomePage -->
