<?xml version="1.0" encoding="UTF-8"?>
<!-- Generated by org.testng.reporters.JUnitReportReporter -->
<testsuite skipped="0" hostname="IBM763-PC0F1EA8" name="Academy.Project.validateTitle" tests="1" failures="0" timestamp="09 Nov 2018 10:29:36 GMT" time="0.141" errors="0">
  <testcase name="basepagenavigation" time="0.141" classname="Academy.Project.validateTitle"/>
</testsuite> <!-- Academy.Project.validateTitle -->
