<?xml version="1.0" encoding="UTF-8"?>
<!-- Generated by org.testng.reporters.JUnitReportReporter -->
<testsuite skipped="0" hostname="IBM763-PC0F1EA8" name="Academy.Project.HomePage" tests="2" failures="0" timestamp="09 Nov 2018 10:29:36 GMT" time="29.119" errors="0">
  <testcase name="basepagenavigation" time="10.981" classname="Academy.Project.HomePage"/>
  <testcase name="basepagenavigation" time="18.138" classname="Academy.Project.HomePage"/>
</testsuite> <!-- Academy.Project.HomePage -->
